<?xml version="1.0" encoding="UTF-8"?>
<coverage generated="1674807052492" clover="3.2.0">
  <project timestamp="1674807052492" name="All files">
    <metrics statements="24" coveredstatements="22" conditionals="6" coveredconditionals="6" methods="5" coveredmethods="4" elements="35" coveredelements="32" complexity="0" loc="24" ncloc="24" packages="1" files="2" classes="2"/>
    <file name="findDiff.js" path="/home/ongawanai/frontend-project-46/src/findDiff.js">
      <metrics statements="20" coveredstatements="18" conditionals="6" coveredconditionals="6" methods="4" coveredmethods="3"/>
      <line num="5" count="1" type="stmt"/>
      <line num="6" count="2" type="stmt"/>
      <line num="7" count="2" type="stmt"/>
      <line num="10" count="1" type="stmt"/>
      <line num="11" count="0" type="stmt"/>
      <line num="12" count="0" type="stmt"/>
      <line num="15" count="1" type="stmt"/>
      <line num="16" count="1" type="stmt"/>
      <line num="17" count="1" type="stmt"/>
      <line num="18" count="1" type="stmt"/>
      <line num="20" count="1" type="stmt"/>
      <line num="22" count="5" type="cond" truecount="2" falsecount="0"/>
      <line num="23" count="2" type="stmt"/>
      <line num="25" count="3" type="cond" truecount="2" falsecount="0"/>
      <line num="26" count="1" type="stmt"/>
      <line num="28" count="2" type="cond" truecount="2" falsecount="0"/>
      <line num="29" count="1" type="stmt"/>
      <line num="31" count="1" type="stmt"/>
      <line num="34" count="1" type="stmt"/>
      <line num="35" count="1" type="stmt"/>
    </file>
    <file name="index.js" path="/home/ongawanai/frontend-project-46/src/index.js">
      <metrics statements="4" coveredstatements="4" conditionals="0" coveredconditionals="0" methods="1" coveredmethods="1"/>
      <line num="4" count="1" type="stmt"/>
      <line num="5" count="1" type="stmt"/>
      <line num="6" count="1" type="stmt"/>
      <line num="7" count="1" type="stmt"/>
    </file>
  </project>
</coverage>
