TN:
SF:src/findDiff.js
FN:5,(anonymous_0)
FN:10,(anonymous_1)
FN:15,(anonymous_2)
FN:21,(anonymous_3)
FNF:4
FNH:3
FNDA:2,(anonymous_0)
FNDA:0,(anonymous_1)
FNDA:1,(anonymous_2)
FNDA:5,(anonymous_3)
DA:5,1
DA:6,2
DA:7,2
DA:10,1
DA:11,0
DA:12,0
DA:15,1
DA:16,1
DA:17,1
DA:18,1
DA:20,1
DA:22,5
DA:23,2
DA:25,3
DA:26,1
DA:28,2
DA:29,1
DA:31,1
DA:34,1
DA:35,1
LF:20
LH:18
BRDA:22,0,0,2
BRDA:22,0,1,3
BRDA:25,1,0,1
BRDA:25,1,1,2
BRDA:28,2,0,1
BRDA:28,2,1,1
BRF:6
BRH:6
end_of_record
TN:
SF:src/index.js
FN:4,(anonymous_0)
FNF:1
FNH:1
FNDA:1,(anonymous_0)
DA:4,1
DA:5,1
DA:6,1
DA:7,1
LF:4
LH:4
BRF:0
BRH:0
end_of_record
